<?xml version="1.0" encoding="utf-8"?><testsuites name="pytest tests"><testsuite name="pytest" errors="0" failures="0" skipped="0" tests="10" time="12.069" timestamp="2026-05-29T23:44:18.912802+00:00" hostname="agent-env-3f789a78-8e79-4d05-a3f9-5faa1495cad9"><testcase classname="backend.tests.backend_test.TestHealth" name="test_health_ok" time="0.232" /><testcase classname="backend.tests.backend_test.TestCV" name="test_cv_structure" time="0.071" /><testcase classname="backend.tests.backend_test.TestChat" name="test_chat_top_skills" time="4.473" /><testcase classname="backend.tests.backend_test.TestChat" name="test_chat_multiturn_docker" time="3.534" /><testcase classname="backend.tests.backend_test.TestPolish" name="test_polish_rewrite" time="1.172" /><testcase classname="backend.tests.backend_test.TestSummarize" name="test_summarize_project" time="2.181" /><testcase classname="backend.tests.backend_test.TestContact" name="test_contact_valid_persists" time="0.073" /><testcase classname="backend.tests.backend_test.TestContact" name="test_contact_invalid_email" time="0.056" /><testcase classname="backend.tests.backend_test.TestCORS" name="test_cors_preflight" time="0.095" /><testcase classname="backend.tests.backend_test.TestCORS" name="test_cors_actual_post" time="0.106" /></testsuite></testsuites>